{
  "RSpec": {
    "coverage": {
      "/home/maxim/Work/craiglist/app/controllers/adverts_controller.rb": [
        1,
        1,
        1,
        null,
        null,
        null,
        1,
        15,
        15,
        0,
        0,
        null,
        null,
        null,
        null,
        null,
        1,
        3,
        null,
        null,
        null,
        1,
        2,
        null,
        null,
        null,
        1,
        null,
        null,
        null,
        null,
        1,
        2,
        null,
        2,
        2,
        4,
        2,
        null,
        0,
        0,
        null,
        null,
        null,
        null,
        null,
        null,
        1,
        0,
        0,
        0,
        0,
        null,
        0,
        0,
        null,
        null,
        null,
        null,
        null,
        null,
        1,
        0,
        0,
        0,
        0,
        null,
        null,
        null,
        1,
        null,
        1,
        3,
        null,
        null,
        null,
        1,
        4,
        null,
        null
      ],
      "/home/maxim/Work/craiglist/app/controllers/application_controller.rb": [
        1,
        null,
        null,
        1,
        null,
        1,
        null,
        1,
        2,
        2,
        null,
        null,
        1,
        45,
        45,
        45,
        null,
        null,
        1,
        null,
        1,
        20,
        3,
        null,
        null,
        null
      ],
      "/home/maxim/Work/craiglist/app/models/user_roles.rb": [
        1,
        1,
        1,
        null
      ],
      "/home/maxim/Work/craiglist/app/models/comment.rb": [
        1,
        1,
        1,
        null,
        1,
        null
      ],
      "/home/maxim/Work/craiglist/app/models/ability.rb": [
        1,
        1,
        null,
        1,
        null,
        null,
        28,
        null,
        28,
        6,
        null,
        null,
        28,
        null,
        8,
        null,
        1,
        1,
        1,
        null,
        9,
        9,
        9,
        null,
        10,
        null,
        null,
        null
      ],
      "/home/maxim/Work/craiglist/app/controllers/users_controller.rb": [
        1,
        1,
        1,
        null,
        null,
        null,
        1,
        0,
        null,
        null,
        null,
        null,
        1,
        0,
        null,
        null,
        null,
        1,
        null,
        null,
        null,
        1,
        0,
        0,
        null,
        null,
        null,
        null,
        1,
        0,
        0,
        0,
        0,
        null,
        0,
        0,
        null,
        null,
        null,
        null,
        null,
        null,
        1,
        0,
        0,
        0,
        0,
        null,
        0,
        0,
        null,
        null,
        null,
        null,
        null,
        null,
        1,
        0,
        0,
        0,
        0,
        null,
        null,
        null,
        1,
        null,
        1,
        0,
        null,
        null,
        null,
        1,
        0,
        null,
        null
      ]
    },
    "timestamp": 1383843559
  }
}
